<?xml version="1.0" encoding="UTF-8"?>
<!-- Generated by org.testng.reporters.JUnitXMLReporter -->
<testsuite ignored="1" hostname="LAPTOP-C66MPFJL" failures="0" tests="3" name="Test" time="19.216" errors="0" timestamp="02 Apr 2022 16:38:26 GMT">
  <testcase classname="testng.CardTest" name="CreditCardTest" time="0.005"/>
  <testcase classname="testng.LoanTest" name="HomeLoanTest" time="0.002"/>
  <testcase classname="testng.LoginTest" name="LoginTestcase1" time="11.74"/>
  <testcase classname="testng.LoanTest" name="CarLoanTest" time="0.0">
    <ignored/>
  </testcase> <!-- CarLoanTest -->
</testsuite> <!-- Test -->
