<?xml version="1.0" encoding="UTF-8"?>
<!-- Generated by org.testng.reporters.JUnitXMLReporter -->
<testsuite ignored="1" hostname="LAPTOP-C66MPFJL" failures="0" tests="3" name="Test" time="15.291" errors="0" timestamp="03 Apr 2022 15:10:01 GMT">
  <testcase classname="testng.CardTest" name="CreditCardTest" time="0.001"/>
  <testcase classname="testng.LoanTest" name="HomeLoanTest" time="0.001"/>
  <testcase classname="testng.LoginTest" name="LoginTestcase1" time="8.125"/>
  <testcase classname="testng.LoanTest" name="CarLoanTest" time="0.0">
    <ignored/>
  </testcase> <!-- CarLoanTest -->
</testsuite> <!-- Test -->
