<?xml version="1.0" encoding="UTF-8"?>
<testng-results ignored="1" total="4" passed="3" failed="0" skipped="0">
  <reporter-output>
  </reporter-output>
  <suite started-at="2022-04-03T15:09:45Z" name="Suite" finished-at="2022-04-03T15:10:01Z" duration-ms="15291">
    <groups>
      <group name="Sanity">
        <method signature="CardTest.CreditCardTest()[pri:0, instance:testng.CardTest@2609b277]" name="CreditCardTest" class="testng.CardTest"/>
        <method signature="LoanTest.HomeLoanTest()[pri:0, instance:testng.LoanTest@31920ade]" name="HomeLoanTest" class="testng.LoanTest"/>
        <method signature="LoginTest.LoginTestcase1(java.lang.String, java.lang.String)[pri:0, instance:testng.LoginTest@1fd14d74]" name="LoginTestcase1" class="testng.LoginTest"/>
      </group> <!-- Sanity -->
    </groups>
    <test started-at="2022-04-03T15:09:45Z" name="Test" finished-at="2022-04-03T15:10:01Z" duration-ms="15291">
      <class name="testng.CardTest">
        <test-method signature="CreditCardTest()[pri:0, instance:testng.CardTest@2609b277]" started-at="2022-04-03T15:09:45Z" name="CreditCardTest" finished-at="2022-04-03T15:09:45Z" duration-ms="1" status="PASS">
          <reporter-output>
          </reporter-output>
        </test-method> <!-- CreditCardTest -->
      </class> <!-- testng.CardTest -->
      <class name="testng.LoginTest">
        <test-method is-config="true" signature="Setup()[pri:0, instance:testng.LoginTest@1fd14d74]" started-at="2022-04-03T15:09:45Z" name="Setup" finished-at="2022-04-03T15:09:52Z" duration-ms="7074" status="PASS">
          <reporter-output>
          </reporter-output>
        </test-method> <!-- Setup -->
        <test-method signature="LoginTestcase1(java.lang.String, java.lang.String)[pri:0, instance:testng.LoginTest@1fd14d74]" started-at="2022-04-03T15:09:52Z" name="LoginTestcase1" finished-at="2022-04-03T15:10:01Z" duration-ms="8125" status="PASS">
          <params>
            <param index="0">
              <value>
                <![CDATA[abc@xyz.com]]>
              </value>
            </param>
            <param index="1">
              <value>
                <![CDATA[Pqr@xyz123]]>
              </value>
            </param>
          </params>
          <reporter-output>
          </reporter-output>
        </test-method> <!-- LoginTestcase1 -->
        <test-method is-config="true" signature="TearDown()[pri:0, instance:testng.LoginTest@1fd14d74]" started-at="2022-04-03T15:10:01Z" name="TearDown" finished-at="2022-04-03T15:10:01Z" duration-ms="66" status="PASS">
          <reporter-output>
          </reporter-output>
        </test-method> <!-- TearDown -->
      </class> <!-- testng.LoginTest -->
      <class name="testng.LoanTest">
        <test-method is-config="true" signature="method3()[pri:0, instance:testng.LoanTest@31920ade]" started-at="2022-04-03T15:09:45Z" name="method3" finished-at="2022-04-03T15:09:45Z" duration-ms="9" status="PASS">
          <reporter-output>
          </reporter-output>
        </test-method> <!-- method3 -->
        <test-method is-config="true" signature="method1()[pri:0, instance:testng.LoanTest@31920ade]" started-at="2022-04-03T15:09:45Z" name="method1" finished-at="2022-04-03T15:09:45Z" duration-ms="0" status="PASS">
          <reporter-output>
          </reporter-output>
        </test-method> <!-- method1 -->
        <test-method signature="HomeLoanTest()[pri:0, instance:testng.LoanTest@31920ade]" started-at="2022-04-03T15:09:45Z" name="HomeLoanTest" description="This test is for Home loan" finished-at="2022-04-03T15:09:45Z" duration-ms="1" status="PASS">
          <reporter-output>
          </reporter-output>
        </test-method> <!-- HomeLoanTest -->
        <test-method is-config="true" signature="method2()[pri:0, instance:testng.LoanTest@31920ade]" started-at="2022-04-03T15:09:45Z" name="method2" finished-at="2022-04-03T15:09:45Z" duration-ms="0" status="PASS">
          <reporter-output>
          </reporter-output>
        </test-method> <!-- method2 -->
        <test-method is-config="true" signature="method4()[pri:0, instance:testng.LoanTest@31920ade]" started-at="2022-04-03T15:10:01Z" name="method4" finished-at="2022-04-03T15:10:01Z" duration-ms="0" status="PASS">
          <reporter-output>
          </reporter-output>
        </test-method> <!-- method4 -->
      </class> <!-- testng.LoanTest -->
    </test> <!-- Test -->
  </suite> <!-- Suite -->
</testng-results>
